2020-02-28 19:09:52.917  INFO 1 --- [main] com.mobetize.fsf.nona.NonaApplication    : Starting NonaApplication v0.0.1-SNAPSHOT on a4e0edffc975 with PID 1 (/opt/app/nona.jar started by root in /opt/app)
2020-02-28 19:09:52.925 DEBUG 1 --- [main] com.mobetize.fsf.nona.NonaApplication    : Running with Spring Boot v2.1.7.RELEASE, Spring v5.1.9.RELEASE
2020-02-28 19:09:52.929  INFO 1 --- [main] com.mobetize.fsf.nona.NonaApplication    : No active profile set, falling back to default profiles: default
2020-02-28 19:09:54.792  INFO 1 --- [main] .s.d.r.c.RepositoryConfigurationDelegate : Bootstrapping Spring Data repositories in DEFAULT mode.
2020-02-28 19:09:54.998  INFO 1 --- [main] .s.d.r.c.RepositoryConfigurationDelegate : Finished Spring Data repository scanning in 183ms. Found 7 repository interfaces.
2020-02-28 19:09:56.687  INFO 1 --- [main] trationDelegate$BeanPostProcessorChecker : Bean 'org.springframework.transaction.annotation.ProxyTransactionManagementConfiguration' of type [org.springframework.transaction.annotation.ProxyTransactionManagementConfiguration$$EnhancerBySpringCGLIB$$70bfd230] is not eligible for getting processed by all BeanPostProcessors (for example: not eligible for auto-proxying)
2020-02-28 19:09:56.789  INFO 1 --- [main] trationDelegate$BeanPostProcessorChecker : Bean 'org.springframework.security.config.annotation.configuration.ObjectPostProcessorConfiguration' of type [org.springframework.security.config.annotation.configuration.ObjectPostProcessorConfiguration$$EnhancerBySpringCGLIB$$96d9a6a] is not eligible for getting processed by all BeanPostProcessors (for example: not eligible for auto-proxying)
2020-02-28 19:09:56.801  INFO 1 --- [main] trationDelegate$BeanPostProcessorChecker : Bean 'objectPostProcessor' of type [org.springframework.security.config.annotation.configuration.AutowireBeanFactoryObjectPostProcessor] is not eligible for getting processed by all BeanPostProcessors (for example: not eligible for auto-proxying)
2020-02-28 19:09:56.805  INFO 1 --- [main] trationDelegate$BeanPostProcessorChecker : Bean 'org.springframework.security.access.expression.method.DefaultMethodSecurityExpressionHandler@1963b0e5' of type [org.springframework.security.access.expression.method.DefaultMethodSecurityExpressionHandler] is not eligible for getting processed by all BeanPostProcessors (for example: not eligible for auto-proxying)
2020-02-28 19:09:56.813  INFO 1 --- [main] trationDelegate$BeanPostProcessorChecker : Bean 'org.springframework.security.config.annotation.method.configuration.GlobalMethodSecurityConfiguration' of type [org.springframework.security.config.annotation.method.configuration.GlobalMethodSecurityConfiguration$$EnhancerBySpringCGLIB$$2e423d1c] is not eligible for getting processed by all BeanPostProcessors (for example: not eligible for auto-proxying)
2020-02-28 19:09:56.830  INFO 1 --- [main] trationDelegate$BeanPostProcessorChecker : Bean 'org.springframework.security.config.annotation.method.configuration.Jsr250MetadataSourceConfiguration' of type [org.springframework.security.config.annotation.method.configuration.Jsr250MetadataSourceConfiguration$$EnhancerBySpringCGLIB$$53975532] is not eligible for getting processed by all BeanPostProcessors (for example: not eligible for auto-proxying)
2020-02-28 19:09:56.837  INFO 1 --- [main] trationDelegate$BeanPostProcessorChecker : Bean 'jsr250MethodSecurityMetadataSource' of type [org.springframework.security.access.annotation.Jsr250MethodSecurityMetadataSource] is not eligible for getting processed by all BeanPostProcessors (for example: not eligible for auto-proxying)
2020-02-28 19:09:56.841  INFO 1 --- [main] trationDelegate$BeanPostProcessorChecker : Bean 'methodSecurityMetadataSource' of type [org.springframework.security.access.method.DelegatingMethodSecurityMetadataSource] is not eligible for getting processed by all BeanPostProcessors (for example: not eligible for auto-proxying)
2020-02-28 19:09:57.473  WARN 1 --- [main] io.undertow.websockets.jsr               : UT026010: Buffer pool was not set on WebSocketDeploymentInfo, the default pool will be used
2020-02-28 19:09:57.552  INFO 1 --- [main] io.undertow.servlet                      : Initializing Spring embedded WebApplicationContext
2020-02-28 19:09:57.553  INFO 1 --- [main] o.s.web.context.ContextLoader            : Root WebApplicationContext: initialization completed in 4526 ms
2020-02-28 19:09:58.619  INFO 1 --- [main] com.zaxxer.hikari.HikariDataSource       : HikariPool-1 - Starting...
2020-02-28 19:09:59.347  INFO 1 --- [main] com.zaxxer.hikari.HikariDataSource       : HikariPool-1 - Start completed.
2020-02-28 19:09:59.484  INFO 1 --- [main] o.hibernate.jpa.internal.util.LogHelper  : HHH000204: Processing PersistenceUnitInfo [
	name: default
	...]
2020-02-28 19:09:59.653  INFO 1 --- [main] org.hibernate.Version                    : HHH000412: Hibernate Core {5.3.10.Final}
2020-02-28 19:09:59.658  INFO 1 --- [main] org.hibernate.cfg.Environment            : HHH000206: hibernate.properties not found
2020-02-28 19:10:00.003  INFO 1 --- [main] o.hibernate.annotations.common.Version   : HCANN000001: Hibernate Commons Annotations {5.0.4.Final}
2020-02-28 19:10:00.614  INFO 1 --- [main] org.hibernate.dialect.Dialect            : HHH000400: Using dialect: org.hibernate.dialect.MySQL8Dialect
2020-02-28 19:10:00.727  INFO 1 --- [main] o.h.e.boot.internal.EnversServiceImpl    : Envers integration enabled? : true
2020-02-28 19:10:03.833  INFO 1 --- [main] j.LocalContainerEntityManagerFactoryBean : Initialized JPA EntityManagerFactory for persistence unit 'default'
2020-02-28 19:10:04.375  INFO 1 --- [main] o.h.h.i.QueryTranslatorFactoryInitiator  : HHH000397: Using ASTQueryTranslatorFactory
2020-02-28 19:10:04.912 DEBUG 1 --- [main] com.mobetize.fsf.nona.NonaProperty       : **************** NonaProperty ****************
2020-02-28 19:10:04.948 DEBUG 1 --- [main] com.mobetize.fsf.nona.NonaProperty       : etc={apiUrlPrefix=http://localhost:8080, frontendUrlPrefix=http://localhost:3000, corsMaxAge=4800, uuid=7ed6203c-1243-43cc-bde3-39f06ef0d42c}
2020-02-28 19:10:04.950 DEBUG 1 --- [main] com.mobetize.fsf.nona.NonaProperty       : jwt={secret=mobetize.mobetize, expirationInS=10800}
2020-02-28 19:10:04.951 DEBUG 1 --- [main] com.mobetize.fsf.nona.NonaProperty       : fileAsset={root=/webapps/resources/fileasset, encrypted=false}
2020-02-28 19:10:04.952 DEBUG 1 --- [main] com.mobetize.fsf.nona.NonaProperty       : emailAuth={urlPrefix=http://localhost:3000/auth/, expirationInMs=300000, quotaPeriodInHour=6, quotaNumber=30}
2020-02-28 19:10:04.953 DEBUG 1 --- [main] com.mobetize.fsf.nona.NonaProperty       : smtpParam={password=letsgetgoing, security=SSL, supportEmail=csnamchaiskul@mobetize.com, port=465, host=smtp.gmail.com, from=donotreply@mobetize.com, user=donotreply@mobetize.com}
2020-02-28 19:10:04.956 DEBUG 1 --- [main] com.mobetize.fsf.nona.NonaProperty       : equifaxParam={class=com.equifax.client.EquifaxFacadeImpl, host=https://www.equifax.ca/efxws/STSRequest.asmx, customerCode=5087, customerNumber=601FC06984, securityCode=84, environment=A01PACK, encrypted=true}
2020-02-28 19:10:04.957 DEBUG 1 --- [main] com.mobetize.fsf.nona.NonaProperty       : **************** NonaProperty ****************
2020-02-28 19:10:05.405 DEBUG 1 --- [main] c.m.f.nona.service.FileAssetServiceImpl  : Created root=/webapps/resources/fileasset
2020-02-28 19:10:05.470 DEBUG 1 --- [main] c.m.fsf.nona.service.EquifaxServiceImpl  : Init success:{}https://www.equifax.ca/efxws/STSRequest.asmx
2020-02-28 19:10:05.488  INFO 1 --- [main] o.s.s.concurrent.ThreadPoolTaskExecutor  : Initializing ExecutorService
2020-02-28 19:10:05.491  INFO 1 --- [main] o.s.s.concurrent.ThreadPoolTaskExecutor  : Initializing ExecutorService 'taskExecutor'
2020-02-28 19:10:06.032  INFO 1 --- [main] o.s.b.a.e.web.EndpointLinksResolver      : Exposing 2 endpoint(s) beneath base path '/actuator'
2020-02-28 19:10:06.096  INFO 1 --- [main] o.s.s.web.DefaultSecurityFilterChain     : Creating filter chain: any request, [org.springframework.security.web.context.request.async.WebAsyncManagerIntegrationFilter@aeb94de, org.springframework.security.web.context.SecurityContextPersistenceFilter@60063eb6, org.springframework.security.web.header.HeaderWriterFilter@4d7147e1, org.springframework.web.filter.CorsFilter@ed7a8cc1, org.springframework.security.web.authentication.logout.LogoutFilter@e091e37a, com.mobetize.fsf.nona.service.security.JwtAuthenticationFilter@b401b283, org.springframework.security.web.savedrequest.RequestCacheAwareFilter@df1bbdd1, org.springframework.security.web.servletapi.SecurityContextHolderAwareRequestFilter@e1026272, org.springframework.security.web.authentication.AnonymousAuthenticationFilter@f89504de, org.springframework.security.web.session.SessionManagementFilter@dbe4e07f, org.springframework.security.web.access.ExceptionTranslationFilter@4c5bd879, org.springframework.security.web.access.intercept.FilterSecurityInterceptor@e5cddbe5]
2020-02-28 19:10:07.091 DEBUG 1 --- [main] c.m.f.n.s.s.JwtAuthenticationFilter      : Filter 'jwtAuthenticationFilter' configured for use
2020-02-28 19:10:07.136  INFO 1 --- [main] org.xnio                                 : XNIO version 3.3.8.Final
2020-02-28 19:10:07.162  INFO 1 --- [main] org.xnio.nio                             : XNIO NIO Implementation Version 3.3.8.Final
2020-02-28 19:10:07.256  INFO 1 --- [main] o.s.b.w.e.u.UndertowServletWebServer     : Undertow started on port(s) 8080 (http) with context path '/nona'
2020-02-28 19:10:07.260  INFO 1 --- [main] com.mobetize.fsf.nona.NonaApplication    : Started NonaApplication in 15.604 seconds (JVM running for 17.051)
2020-02-28 19:11:44.557  INFO 1 --- [XNIO-1 task-1] io.undertow.servlet                      : Initializing Spring DispatcherServlet 'dispatcherServlet'
2020-02-28 19:11:44.561  INFO 1 --- [XNIO-1 task-1] o.s.web.servlet.DispatcherServlet        : Initializing Servlet 'dispatcherServlet'
2020-02-28 19:11:44.583  INFO 1 --- [XNIO-1 task-1] o.s.web.servlet.DispatcherServlet        : Completed initialization in 20 ms
2020-02-28 19:11:44.897 DEBUG 1 --- [XNIO-1 task-2] org.hibernate.SQL                        : select user0_.id as id1_9_, user0_.created_date as created_2_9_, user0_.last_modified as last_mod3_9_, user0_.status as status4_9_, user0_.email as email5_9_, user0_.locked as locked6_9_, user0_.password as password7_9_, user0_.password_expired_date as password8_9_, user0_.roles as roles9_9_, user0_.username as usernam10_9_ from user user0_ where user0_.email=?
2020-02-28 19:11:44.966 DEBUG 1 --- [XNIO-1 task-2] org.hibernate.SQL                        : select applicatio0_.id as id1_1_, applicatio0_.created_date as created_2_1_, applicatio0_.last_modified as last_mod3_1_, applicatio0_.status as status4_1_, applicatio0_.created_by as created_5_1_, applicatio0_.last_modified_by as last_mod6_1_, applicatio0_.city as city7_1_, applicatio0_.civic_number as civic_nu8_1_, applicatio0_.postal_code as postal_c9_1_, applicatio0_.province as provinc10_1_, applicatio0_.street_name as street_11_1_, applicatio0_.suite as suite12_1_, applicatio0_.citizenship as citizen13_1_, applicatio0_.first_name as first_n14_1_, applicatio0_.last_name as last_na15_1_, applicatio0_.location_unit_id as locatio19_1_, applicatio0_.other_name as other_n16_1_, applicatio0_.middle_name as middle_17_1_, applicatio0_.mobile_number as mobile_18_1_, applicatio0_.user_id as user_id20_1_ from application applicatio0_ left outer join user user1_ on applicatio0_.user_id=user1_.id where user1_.id=? order by applicatio0_.created_date desc
2020-02-28 19:11:44.974 DEBUG 1 --- [XNIO-1 task-2] org.hibernate.SQL                        : select applicatio0_.id as id1_1_, applicatio0_.created_date as created_2_1_, applicatio0_.last_modified as last_mod3_1_, applicatio0_.status as status4_1_, applicatio0_.created_by as created_5_1_, applicatio0_.last_modified_by as last_mod6_1_, applicatio0_.city as city7_1_, applicatio0_.civic_number as civic_nu8_1_, applicatio0_.postal_code as postal_c9_1_, applicatio0_.province as provinc10_1_, applicatio0_.street_name as street_11_1_, applicatio0_.suite as suite12_1_, applicatio0_.citizenship as citizen13_1_, applicatio0_.first_name as first_n14_1_, applicatio0_.last_name as last_na15_1_, applicatio0_.location_unit_id as locatio19_1_, applicatio0_.other_name as other_n16_1_, applicatio0_.middle_name as middle_17_1_, applicatio0_.mobile_number as mobile_18_1_, applicatio0_.user_id as user_id20_1_ from application applicatio0_ left outer join user user1_ on applicatio0_.user_id=user1_.id where user1_.id=? order by applicatio0_.created_date desc
2020-02-28 19:11:45.531 DEBUG 1 --- [XNIO-1 task-2] org.hibernate.SQL                        : select user0_.id as id1_9_, user0_.created_date as created_2_9_, user0_.last_modified as last_mod3_9_, user0_.status as status4_9_, user0_.email as email5_9_, user0_.locked as locked6_9_, user0_.password as password7_9_, user0_.password_expired_date as password8_9_, user0_.roles as roles9_9_, user0_.username as usernam10_9_ from user user0_ where user0_.email=? and user0_.status='A'
2020-02-28 19:11:48.215 DEBUG 1 --- [XNIO-1 task-4] org.hibernate.SQL                        : select user0_.id as id1_9_0_, user0_.created_date as created_2_9_0_, user0_.last_modified as last_mod3_9_0_, user0_.status as status4_9_0_, user0_.email as email5_9_0_, user0_.locked as locked6_9_0_, user0_.password as password7_9_0_, user0_.password_expired_date as password8_9_0_, user0_.roles as roles9_9_0_, user0_.username as usernam10_9_0_ from user user0_ where user0_.id=?
2020-02-28 19:11:48.274 DEBUG 1 --- [XNIO-1 task-4] org.hibernate.SQL                        : SELECT * FROM user WHERE 'ROLE_CRMADMIN' MEMBER OF(roles) OR 'ROLE_CRMUSER' MEMBER OF(roles) AND status = ?
2020-02-28 19:12:08.010  INFO 1 --- [Thread-6] o.s.s.concurrent.ThreadPoolTaskExecutor  : Shutting down ExecutorService 'taskExecutor'
2020-02-28 19:12:08.023  INFO 1 --- [Thread-6] j.LocalContainerEntityManagerFactoryBean : Closing JPA EntityManagerFactory for persistence unit 'default'
2020-02-28 19:12:08.027  INFO 1 --- [Thread-6] com.zaxxer.hikari.HikariDataSource       : HikariPool-1 - Shutdown initiated...
2020-02-28 19:12:08.034  INFO 1 --- [Thread-6] com.zaxxer.hikari.HikariDataSource       : HikariPool-1 - Shutdown completed.
2020-02-28 19:12:08.042  INFO 1 --- [Thread-6] io.undertow.servlet                      : Destroying Spring FrameworkServlet 'dispatcherServlet'
